<?xml version="1.0" encoding="UTF-8"?>
<testsuite name="ru.stqa.pft.Alexander.RectangleTest" tests="1" skipped="0" failures="0" errors="0" timestamp="2021-12-10T14:16:00" hostname="ПРЕКРАСНАЯРОССИ" time="0.016">
  <properties/>
  <testcase name="testArea" classname="ru.stqa.pft.Alexander.RectangleTest" time="0.016"/>
  <system-out><![CDATA[]]></system-out>
  <system-err><![CDATA[]]></system-err>
</testsuite>
